<?xml version="1.0" encoding="UTF-8"?>
<!-- Generated by org.testng.reporters.JUnitReportReporter -->
<testsuite skipped="0" hostname="Andreis-MacBook-Pro.local" name="com.syntax.class01.TestNGDemo" tests="3" failures="0" timestamp="2020-05-26T20:18:48 EDT" time="0.006" errors="0">
  <testcase name="b" time="0.001" classname="com.syntax.class01.TestNGDemo"/>
  <system-out/>
  <testcase name="a" time="0.004" classname="com.syntax.class01.TestNGDemo"/>
  <system-out/>
  <testcase name="c" time="0.001" classname="com.syntax.class01.TestNGDemo"/>
  <system-out/>
</testsuite> <!-- com.syntax.class01.TestNGDemo -->
