<?xml version="1.0" encoding="UTF-8"?>
<!-- Generated by org.testng.reporters.JUnitReportReporter -->
<testsuite skipped="0" hostname="Andreis-MacBook-Pro.local" name="com.syntax.class02.AssertionDemo" tests="3" failures="0" timestamp="2020-05-20T22:06:42 EDT" time="21.776" errors="0">
  <testcase name="titlevalidation" time="7.698" classname="com.syntax.class02.AssertionDemo"/>
  <system-out/>
  <testcase name="logoValidation" time="5.879" classname="com.syntax.class02.AssertionDemo"/>
  <system-out/>
  <testcase name="login" time="8.199" classname="com.syntax.class02.AssertionDemo"/>
  <system-out/>
</testsuite> <!-- com.syntax.class02.AssertionDemo -->
