<?xml version="1.0" encoding="UTF-8"?>
<!-- Generated by org.testng.reporters.JUnitReportReporter -->
<testsuite skipped="0" hostname="Andreis-MacBook-Pro.local" name="com.syntax.class02.HardAssertionDemo" tests="2" failures="0" timestamp="2020-05-21T14:12:04 EDT" time="13.422" errors="0">
  <testcase name="titleValidation" time="6.341" classname="com.syntax.class02.HardAssertionDemo"/>
  <system-out/>
  <testcase name="logoValidation" time="7.081" classname="com.syntax.class02.HardAssertionDemo"/>
  <system-out/>
</testsuite> <!-- com.syntax.class02.HardAssertionDemo -->
