<?xml version="1.0" encoding="UTF-8"?>
<!-- Generated by org.testng.reporters.JUnitReportReporter -->
<testsuite skipped="0" hostname="Andreis-MacBook-Pro.local" name="com.syntax.class03.GroupsDemo" tests="4" failures="0" timestamp="2020-05-27T20:38:30 EDT" time="0.005" errors="0">
  <testcase name="test01" time="0.001" classname="com.syntax.class03.GroupsDemo"/>
  <system-out/>
  <testcase name="test02" time="0.004" classname="com.syntax.class03.GroupsDemo"/>
  <system-out/>
  <testcase name="test03" time="0.000" classname="com.syntax.class03.GroupsDemo"/>
  <system-out/>
  <testcase name="test04" time="0.000" classname="com.syntax.class03.GroupsDemo"/>
  <system-out/>
</testsuite> <!-- com.syntax.class03.GroupsDemo -->
