<?xml version="1.0" encoding="UTF-8"?>
<!-- Generated by org.testng.reporters.JUnitReportReporter -->
<testsuite skipped="2" hostname="Andreis-MacBook-Pro.local" name="com.test.AddEmployeeTest" tests="3" failures="0" timestamp="2020-05-27T01:05:24 EDT" time="11.324" errors="0">
  <testcase name="addEmployee" time="11.324" classname="com.test.AddEmployeeTest"/>
  <system-out/>
  <testcase name="addLoginCredetials" classname="com.test.AddEmployeeTest">
    <skipped/>
  </testcase> <!-- addLoginCredetials -->
  <system-out/>
  <testcase name="emptyFields" classname="com.test.AddEmployeeTest">
    <skipped/>
  </testcase> <!-- emptyFields -->
  <system-out/>
</testsuite> <!-- com.test.AddEmployeeTest -->
