<?xml version="1.0" encoding="UTF-8"?>
<!-- Generated by org.testng.reporters.JUnitReportReporter -->
<testsuite skipped="0" hostname="Andreis-MacBook-Pro.local" name="com.practice.DynamicElements" tests="1" failures="0" timestamp="2020-05-26T19:58:10 EDT" time="13.549" errors="0">
  <testcase name="addToCart" time="13.549" classname="com.practice.DynamicElements"/>
  <system-out/>
</testsuite> <!-- com.practice.DynamicElements -->
