<?xml version="1.0" encoding="UTF-8"?>
<!-- Generated by org.testng.reporters.JUnitReportReporter -->
<testsuite skipped="0" hostname="Andreis-MacBook-Pro.local" name="com.practice.ParametersAndGroups" tests="2" failures="0" timestamp="2020-05-27T19:05:23 EDT" time="0.006" errors="0">
  <testcase name="test3" time="0.000" classname="com.practice.ParametersAndGroups"/>
  <system-out/>
  <testcase name="test1" time="0.006" classname="com.practice.ParametersAndGroups"/>
  <system-out/>
</testsuite> <!-- com.practice.ParametersAndGroups -->
