<?xml version="1.0" encoding="UTF-8"?>
<!-- Generated by org.testng.reporters.JUnitReportReporter -->
<testsuite skipped="0" hostname="Andreis-MacBook-Pro.local" name="com.syntax.class02.Task" tests="1" failures="0" timestamp="2020-05-20T21:37:21 EDT" time="13.090" errors="0">
  <testcase name="login" time="13.090" classname="com.syntax.class02.Task"/>
  <system-out/>
</testsuite> <!-- com.syntax.class02.Task -->
