<?xml version="1.0" encoding="UTF-8"?>
<!-- Generated by org.testng.reporters.JUnitReportReporter -->
<testsuite skipped="1" hostname="Andreis-MacBook-Pro.local" name="com.syntax.class02.TaskOne" tests="5" failures="0" timestamp="2020-05-20T21:09:11 EDT" time="0.008" errors="0">
  <testcase name="thirdMethod" time="0.001" classname="com.syntax.class02.TaskOne"/>
  <system-out/>
  <testcase name="fourthMethod" time="0.006" classname="com.syntax.class02.TaskOne"/>
  <system-out/>
  <testcase name="secondMethod" time="0.000" classname="com.syntax.class02.TaskOne"/>
  <system-out/>
  <testcase name="firstMethod" time="0.001" classname="com.syntax.class02.TaskOne"/>
  <system-out/>
  <testcase name="firstMethod1" classname="com.syntax.class02.TaskOne">
    <skipped/>
  </testcase> <!-- firstMethod1 -->
  <system-out/>
</testsuite> <!-- com.syntax.class02.TaskOne -->
