<?xml version="1.0" encoding="UTF-8"?>
<!-- Generated by org.testng.reporters.JUnitReportReporter -->
<testsuite skipped="0" hostname="Andreis-MacBook-Pro.local" name="TestNGDemo" tests="1" failures="0" timestamp="2020-05-19T18:36:35 EDT" time="0.007" errors="0">
  <testcase name="hello" time="0.007" classname="TestNGDemo"/>
  <system-out/>
</testsuite> <!-- TestNGDemo -->
