<?xml version="1.0" encoding="UTF-8"?>
<!-- Generated by org.testng.reporters.JUnitReportReporter -->
<testsuite skipped="0" hostname="Andreis-MBP.lan1" name="com.syntax.review02.sauceDemoTest" tests="4" failures="0" timestamp="2020-05-28T21:46:34 EDT" time="20.508" errors="0">
  <testcase name="loginToSauceDemo" time="4.136" classname="com.syntax.review02.sauceDemoTest"/>
  <system-out/>
  <testcase name="loginToSauceDemo" time="8.943" classname="com.syntax.review02.sauceDemoTest"/>
  <system-out/>
  <testcase name="loginToSauceDemo" time="3.865" classname="com.syntax.review02.sauceDemoTest"/>
  <system-out/>
  <testcase name="loginToSauceDemo" time="3.564" classname="com.syntax.review02.sauceDemoTest"/>
  <system-out/>
</testsuite> <!-- com.syntax.review02.sauceDemoTest -->
