<?xml version="1.0" encoding="UTF-8"?>
<!-- Generated by org.testng.reporters.JUnitReportReporter -->
<testsuite skipped="0" hostname="Andreis-MacBook-Pro.local" name="com.test.LoginTest" tests="4" failures="0" timestamp="2020-05-26T19:58:10 EDT" time="13.202" errors="0">
  <testcase name="validAdminLogin" time="4.629" classname="com.test.LoginTest"/>
  <system-out/>
  <testcase name="emptyPassword" time="3.416" classname="com.test.LoginTest"/>
  <system-out/>
  <testcase name="emptyUserName" time="2.631" classname="com.test.LoginTest"/>
  <system-out/>
  <testcase name="emptyame" time="2.526" classname="com.test.LoginTest"/>
  <system-out/>
</testsuite> <!-- com.test.LoginTest -->
