<?xml version="1.0" encoding="UTF-8"?>
<!-- Generated by org.testng.reporters.JUnitReportReporter -->
<testsuite skipped="0" hostname="Andreis-MacBook-Pro.local" name="com.syntax.class01.TitleLogoAndLoginValidation" tests="3" failures="0" timestamp="2020-05-26T20:18:48 EDT" time="21.179" errors="0">
  <testcase name="logoValidation" time="6.370" classname="com.syntax.class01.TitleLogoAndLoginValidation"/>
  <system-out/>
  <testcase name="validLogin" time="8.355" classname="com.syntax.class01.TitleLogoAndLoginValidation"/>
  <system-out/>
  <testcase name="titleValidation" time="6.454" classname="com.syntax.class01.TitleLogoAndLoginValidation"/>
  <system-out/>
</testsuite> <!-- com.syntax.class01.TitleLogoAndLoginValidation -->
