<?xml version="1.0" encoding="UTF-8"?>
<!-- Generated by org.testng.reporters.JUnitReportReporter -->
<testsuite skipped="0" hostname="Andreis-MacBook-Pro.local" name="com.syntax.class01.TaskTwo" tests="3" failures="0" timestamp="2020-05-26T20:18:48 EDT" time="0.002" errors="0">
  <testcase name="test3" time="0.001" classname="com.syntax.class01.TaskTwo"/>
  <system-out/>
  <testcase name="test2" time="0.001" classname="com.syntax.class01.TaskTwo"/>
  <system-out/>
  <testcase name="test1" time="0.000" classname="com.syntax.class01.TaskTwo"/>
  <system-out/>
</testsuite> <!-- com.syntax.class01.TaskTwo -->
